<?xml version="1.0" encoding="UTF-8"?>
<!-- Generated by org.testng.reporters.JUnitReportReporter -->
<testsuite hostname="DESKTOP-19VJ40N" failures="0" tests="1" name="verification.Base" time="0.012" errors="0" timestamp="2024-06-28T10:05:42 IST" skipped="0">
  <testcase classname="verification.Base" name="test1" time="0.012"/>
  <system-out/>
</testsuite> <!-- verification.Base -->
