<?xml version="1.0" encoding="UTF-8"?>
<!-- Generated by org.testng.reporters.JUnitReportReporter -->
<testsuite hostname="DESKTOP-19VJ40N" failures="0" tests="1" name="verification.RunnerPOM1" time="4.214" errors="1" timestamp="2024-06-29T12:14:10 IST" skipped="0">
  <testcase classname="verification.RunnerPOM1" name="test" time="4.214">
    <error type="java.lang.StackOverflowError">
      <![CDATA[java.lang.StackOverflowError
at verification.POM1.login(POM1.java:22)
at verification.POM1.login(POM1.java:22)
at verification.POM1.login(POM1.java:22)
at verification.POM1.login(POM1.java:22)
at verification.POM1.login(POM1.java:22)
at verification.POM1.login(POM1.java:22)
at verification.POM1.login(POM1.java:22)
at verification.POM1.login(POM1.java:22)
at verification.POM1.login(POM1.java:22)
at verification.POM1.login(POM1.java:22)
at verification.POM1.login(POM1.java:22)
at verification.POM1.login(POM1.java:22)
at verification.POM1.login(POM1.java:22)
at verification.POM1.login(POM1.java:22)
at verification.POM1.login(POM1.java:22)
at verification.POM1.login(POM1.java:22)
at verification.POM1.login(POM1.java:22)
at verification.POM1.login(POM1.java:22)
at verification.POM1.login(POM1.java:22)
at verification.POM1.login(POM1.java:22)
at verification.POM1.login(POM1.java:22)
at verification.POM1.login(POM1.java:22)
at verification.POM1.login(POM1.java:22)
at verification.POM1.login(POM1.java:22)
at verification.POM1.login(POM1.java:22)
at verification.POM1.login(POM1.java:22)
at verification.POM1.login(POM1.java:22)
at verification.POM1.login(POM1.java:22)
at verification.POM1.login(POM1.java:22)
at verification.POM1.login(POM1.java:22)
at verification.POM1.login(POM1.java:22)
at verification.POM1.login(POM1.java:22)
at verification.POM1.login(POM1.java:22)
at verification.POM1.login(POM1.java:22)
at verification.POM1.login(POM1.java:22)
at verification.POM1.login(POM1.java:22)
at verification.POM1.login(POM1.java:22)
at verification.POM1.login(POM1.java:22)
at verification.POM1.login(POM1.java:22)
at verification.POM1.login(POM1.java:22)
at verification.POM1.login(POM1.java:22)
at verification.POM1.login(POM1.java:22)
at verification.POM1.login(POM1.java:22)
at verification.POM1.login(POM1.java:22)
at verification.POM1.login(POM1.java:22)
at verification.POM1.login(POM1.java:22)
at verification.POM1.login(POM1.java:22)
at verification.POM1.login(POM1.java:22)
at verification.POM1.login(POM1.java:22)
at verification.POM1.login(POM1.java:22)
at verification.POM1.login(POM1.java:22)
at verification.POM1.login(POM1.java:22)
at verification.POM1.login(POM1.java:22)
at verification.POM1.login(POM1.java:22)
at verification.POM1.login(POM1.java:22)
at verification.POM1.login(POM1.java:22)
at verification.POM1.login(POM1.java:22)
at verification.POM1.login(POM1.java:22)
at verification.POM1.login(POM1.java:22)
at verification.POM1.login(POM1.java:22)
at verification.POM1.login(POM1.java:22)
at verification.POM1.login(POM1.java:22)
at verification.POM1.login(POM1.java:22)
at verification.POM1.login(POM1.java:22)
at verification.POM1.login(POM1.java:22)
at verification.POM1.login(POM1.java:22)
at verification.POM1.login(POM1.java:22)
at verification.POM1.login(POM1.java:22)
at verification.POM1.login(POM1.java:22)
at verification.POM1.login(POM1.java:22)
at verification.POM1.login(POM1.java:22)
at verification.POM1.login(POM1.java:22)
at verification.POM1.login(POM1.java:22)
at verification.POM1.login(POM1.java:22)
at verification.POM1.login(POM1.java:22)
at verification.POM1.login(POM1.java:22)
at verification.POM1.login(POM1.java:22)
at verification.POM1.login(POM1.java:22)
at verification.POM1.login(POM1.java:22)
at verification.POM1.login(POM1.java:22)
at verification.POM1.login(POM1.java:22)
at verification.POM1.login(POM1.java:22)
at verification.POM1.login(POM1.java:22)
at verification.POM1.login(POM1.java:22)
at verification.POM1.login(POM1.java:22)
at verification.POM1.login(POM1.java:22)
at verification.POM1.login(POM1.java:22)
at verification.POM1.login(POM1.java:22)
at verification.POM1.login(POM1.java:22)
at verification.POM1.login(POM1.java:22)
at verification.POM1.login(POM1.java:22)
at verification.POM1.login(POM1.java:22)
at verification.POM1.login(POM1.java:22)
at verification.POM1.login(POM1.java:22)
at verification.POM1.login(POM1.java:22)
at verification.POM1.login(POM1.java:22)
at verification.POM1.login(POM1.java:22)
at verification.POM1.login(POM1.java:22)
at verification.POM1.login(POM1.java:22)
at verification.POM1.login(POM1.java:22)
at verification.POM1.login(POM1.java:22)
at verification.POM1.login(POM1.java:22)
at verification.POM1.login(POM1.java:22)
at verification.POM1.login(POM1.java:22)
at verification.POM1.login(POM1.java:22)
at verification.POM1.login(POM1.java:22)
at verification.POM1.login(POM1.java:22)
at verification.POM1.login(POM1.java:22)
at verification.POM1.login(POM1.java:22)
at verification.POM1.login(POM1.java:22)
at verification.POM1.login(POM1.java:22)
at verification.POM1.login(POM1.java:22)
at verification.POM1.login(POM1.java:22)
at verification.POM1.login(POM1.java:22)
at verification.POM1.login(POM1.java:22)
at verification.POM1.login(POM1.java:22)
at verification.POM1.login(POM1.java:22)
at verification.POM1.login(POM1.java:22)
at verification.POM1.login(POM1.java:22)
at verification.POM1.login(POM1.java:22)
at verification.POM1.login(POM1.java:22)
at verification.POM1.login(POM1.java:22)
at verification.POM1.login(POM1.java:22)
at verification.POM1.login(POM1.java:22)
at verification.POM1.login(POM1.java:22)
at verification.POM1.login(POM1.java:22)
at verification.POM1.login(POM1.java:22)
at verification.POM1.login(POM1.java:22)
at verification.POM1.login(POM1.java:22)
at verification.POM1.login(POM1.java:22)
at verification.POM1.login(POM1.java:22)
at verification.POM1.login(POM1.java:22)
at verification.POM1.login(POM1.java:22)
at verification.POM1.login(POM1.java:22)
at verification.POM1.login(POM1.java:22)
at verification.POM1.login(POM1.java:22)
at verification.POM1.login(POM1.java:22)
at verification.POM1.login(POM1.java:22)
at verification.POM1.login(POM1.java:22)
at verification.POM1.login(POM1.java:22)
at verification.POM1.login(POM1.java:22)
at verification.POM1.login(POM1.java:22)
at verification.POM1.login(POM1.java:22)
at verification.POM1.login(POM1.java:22)
at verification.POM1.login(POM1.java:22)
at verification.POM1.login(POM1.java:22)
at verification.POM1.login(POM1.java:22)
at verification.POM1.login(POM1.java:22)
at verification.POM1.login(POM1.java:22)
at verification.POM1.login(POM1.java:22)
at verification.POM1.login(POM1.java:22)
at verification.POM1.login(POM1.java:22)
at verification.POM1.login(POM1.java:22)
at verification.POM1.login(POM1.java:22)
at verification.POM1.login(POM1.java:22)
at verification.POM1.login(POM1.java:22)
at verification.POM1.login(POM1.java:22)
at verification.POM1.login(POM1.java:22)
at verification.POM1.login(POM1.java:22)
at verification.POM1.login(POM1.java:22)
at verification.POM1.login(POM1.java:22)
at verification.POM1.login(POM1.java:22)
at verification.POM1.login(POM1.java:22)
at verification.POM1.login(POM1.java:22)
at verification.POM1.login(POM1.java:22)
at verification.POM1.login(POM1.java:22)
at verification.POM1.login(POM1.java:22)
at verification.POM1.login(POM1.java:22)
at verification.POM1.login(POM1.java:22)
at verification.POM1.login(POM1.java:22)
at verification.POM1.login(POM1.java:22)
at verification.POM1.login(POM1.java:22)
at verification.POM1.login(POM1.java:22)
at verification.POM1.login(POM1.java:22)
at verification.POM1.login(POM1.java:22)
at verification.POM1.login(POM1.java:22)
at verification.POM1.login(POM1.java:22)
at verification.POM1.login(POM1.java:22)
at verification.POM1.login(POM1.java:22)
at verification.POM1.login(POM1.java:22)
at verification.POM1.login(POM1.java:22)
at verification.POM1.login(POM1.java:22)
at verification.POM1.login(POM1.java:22)
at verification.POM1.login(POM1.java:22)
at verification.POM1.login(POM1.java:22)
at verification.POM1.login(POM1.java:22)
at verification.POM1.login(POM1.java:22)
at verification.POM1.login(POM1.java:22)
at verification.POM1.login(POM1.java:22)
at verification.POM1.login(POM1.java:22)
at verification.POM1.login(POM1.java:22)
at verification.POM1.login(POM1.java:22)
at verification.POM1.login(POM1.java:22)
at verification.POM1.login(POM1.java:22)
at verification.POM1.login(POM1.java:22)
at verification.POM1.login(POM1.java:22)
at verification.POM1.login(POM1.java:22)
at verification.POM1.login(POM1.java:22)
at verification.POM1.login(POM1.java:22)
at verification.POM1.login(POM1.java:22)
at verification.POM1.login(POM1.java:22)
at verification.POM1.login(POM1.java:22)
at verification.POM1.login(POM1.java:22)
at verification.POM1.login(POM1.java:22)
at verification.POM1.login(POM1.java:22)
at verification.POM1.login(POM1.java:22)
at verification.POM1.login(POM1.java:22)
at verification.POM1.login(POM1.java:22)
at verification.POM1.login(POM1.java:22)
at verification.POM1.login(POM1.java:22)
at verification.POM1.login(POM1.java:22)
at verification.POM1.login(POM1.java:22)
at verification.POM1.login(POM1.java:22)
at verification.POM1.login(POM1.java:22)
at verification.POM1.login(POM1.java:22)
at verification.POM1.login(POM1.java:22)
at verification.POM1.login(POM1.java:22)
at verification.POM1.login(POM1.java:22)
at verification.POM1.login(POM1.java:22)
at verification.POM1.login(POM1.java:22)
at verification.POM1.login(POM1.java:22)
at verification.POM1.login(POM1.java:22)
at verification.POM1.login(POM1.java:22)
at verification.POM1.login(POM1.java:22)
at verification.POM1.login(POM1.java:22)
at verification.POM1.login(POM1.java:22)
at verification.POM1.login(POM1.java:22)
at verification.POM1.login(POM1.java:22)
at verification.POM1.login(POM1.java:22)
at verification.POM1.login(POM1.java:22)
at verification.POM1.login(POM1.java:22)
at verification.POM1.login(POM1.java:22)
at verification.POM1.login(POM1.java:22)
at verification.POM1.login(POM1.java:22)
at verification.POM1.login(POM1.java:22)
at verification.POM1.login(POM1.java:22)
at verification.POM1.login(POM1.java:22)
at verification.POM1.login(POM1.java:22)
at verification.POM1.login(POM1.java:22)
at verification.POM1.login(POM1.java:22)
at verification.POM1.login(POM1.java:22)
at verification.POM1.login(POM1.java:22)
at verification.POM1.login(POM1.java:22)
at verification.POM1.login(POM1.java:22)
at verification.POM1.login(POM1.java:22)
at verification.POM1.login(POM1.java:22)
at verification.POM1.login(POM1.java:22)
at verification.POM1.login(POM1.java:22)
at verification.POM1.login(POM1.java:22)
at verification.POM1.login(POM1.java:22)
at verification.POM1.login(POM1.java:22)
at verification.POM1.login(POM1.java:22)
at verification.POM1.login(POM1.java:22)
at verification.POM1.login(POM1.java:22)
at verification.POM1.login(POM1.java:22)
at verification.POM1.login(POM1.java:22)
at verification.POM1.login(POM1.java:22)
at verification.POM1.login(POM1.java:22)
at verification.POM1.login(POM1.java:22)
at verification.POM1.login(POM1.java:22)
at verification.POM1.login(POM1.java:22)
at verification.POM1.login(POM1.java:22)
at verification.POM1.login(POM1.java:22)
at verification.POM1.login(POM1.java:22)
at verification.POM1.login(POM1.java:22)
at verification.POM1.login(POM1.java:22)
at verification.POM1.login(POM1.java:22)
at verification.POM1.login(POM1.java:22)
at verification.POM1.login(POM1.java:22)
at verification.POM1.login(POM1.java:22)
at verification.POM1.login(POM1.java:22)
at verification.POM1.login(POM1.java:22)
at verification.POM1.login(POM1.java:22)
at verification.POM1.login(POM1.java:22)
at verification.POM1.login(POM1.java:22)
at verification.POM1.login(POM1.java:22)
at verification.POM1.login(POM1.java:22)
at verification.POM1.login(POM1.java:22)
at verification.POM1.login(POM1.java:22)
at verification.POM1.login(POM1.java:22)
at verification.POM1.login(POM1.java:22)
at verification.POM1.login(POM1.java:22)
at verification.POM1.login(POM1.java:22)
at verification.POM1.login(POM1.java:22)
at verification.POM1.login(POM1.java:22)
at verification.POM1.login(POM1.java:22)
at verification.POM1.login(POM1.java:22)
at verification.POM1.login(POM1.java:22)
at verification.POM1.login(POM1.java:22)
at verification.POM1.login(POM1.java:22)
at verification.POM1.login(POM1.java:22)
at verification.POM1.login(POM1.java:22)
at verification.POM1.login(POM1.java:22)
at verification.POM1.login(POM1.java:22)
at verification.POM1.login(POM1.java:22)
at verification.POM1.login(POM1.java:22)
at verification.POM1.login(POM1.java:22)
at verification.POM1.login(POM1.java:22)
at verification.POM1.login(POM1.java:22)
at verification.POM1.login(POM1.java:22)
at verification.POM1.login(POM1.java:22)
at verification.POM1.login(POM1.java:22)
at verification.POM1.login(POM1.java:22)
at verification.POM1.login(POM1.java:22)
at verification.POM1.login(POM1.java:22)
at verification.POM1.login(POM1.java:22)
at verification.POM1.login(POM1.java:22)
at verification.POM1.login(POM1.java:22)
at verification.POM1.login(POM1.java:22)
at verification.POM1.login(POM1.java:22)
at verification.POM1.login(POM1.java:22)
at verification.POM1.login(POM1.java:22)
at verification.POM1.login(POM1.java:22)
at verification.POM1.login(POM1.java:22)
at verification.POM1.login(POM1.java:22)
at verification.POM1.login(POM1.java:22)
at verification.POM1.login(POM1.java:22)
at verification.POM1.login(POM1.java:22)
at verification.POM1.login(POM1.java:22)
at verification.POM1.login(POM1.java:22)
at verification.POM1.login(POM1.java:22)
at verification.POM1.login(POM1.java:22)
at verification.POM1.login(POM1.java:22)
at verification.POM1.login(POM1.java:22)
at verification.POM1.login(POM1.java:22)
at verification.POM1.login(POM1.java:22)
at verification.POM1.login(POM1.java:22)
at verification.POM1.login(POM1.java:22)
at verification.POM1.login(POM1.java:22)
at verification.POM1.login(POM1.java:22)
at verification.POM1.login(POM1.java:22)
at verification.POM1.login(POM1.java:22)
at verification.POM1.login(POM1.java:22)
at verification.POM1.login(POM1.java:22)
at verification.POM1.login(POM1.java:22)
at verification.POM1.login(POM1.java:22)
at verification.POM1.login(POM1.java:22)
at verification.POM1.login(POM1.java:22)
at verification.POM1.login(POM1.java:22)
at verification.POM1.login(POM1.java:22)
at verification.POM1.login(POM1.java:22)
at verification.POM1.login(POM1.java:22)
at verification.POM1.login(POM1.java:22)
at verification.POM1.login(POM1.java:22)
at verification.POM1.login(POM1.java:22)
at verification.POM1.login(POM1.java:22)
at verification.POM1.login(POM1.java:22)
at verification.POM1.login(POM1.java:22)
at verification.POM1.login(POM1.java:22)
at verification.POM1.login(POM1.java:22)
at verification.POM1.login(POM1.java:22)
at verification.POM1.login(POM1.java:22)
at verification.POM1.login(POM1.java:22)
at verification.POM1.login(POM1.java:22)
at verification.POM1.login(POM1.java:22)
at verification.POM1.login(POM1.java:22)
at verification.POM1.login(POM1.java:22)
at verification.POM1.login(POM1.java:22)
at verification.POM1.login(POM1.java:22)
at verification.POM1.login(POM1.java:22)
at verification.POM1.login(POM1.java:22)
at verification.POM1.login(POM1.java:22)
at verification.POM1.login(POM1.java:22)
at verification.POM1.login(POM1.java:22)
at verification.POM1.login(POM1.java:22)
at verification.POM1.login(POM1.java:22)
at verification.POM1.login(POM1.java:22)
at verification.POM1.login(POM1.java:22)
at verification.POM1.login(POM1.java:22)
at verification.POM1.login(POM1.java:22)
at verification.POM1.login(POM1.java:22)
at verification.POM1.login(POM1.java:22)
at verification.POM1.login(POM1.java:22)
at verification.POM1.login(POM1.java:22)
at verification.POM1.login(POM1.java:22)
at verification.POM1.login(POM1.java:22)
at verification.POM1.login(POM1.java:22)
at verification.POM1.login(POM1.java:22)
at verification.POM1.login(POM1.java:22)
at verification.POM1.login(POM1.java:22)
at verification.POM1.login(POM1.java:22)
at verification.POM1.login(POM1.java:22)
at verification.POM1.login(POM1.java:22)
at verification.POM1.login(POM1.java:22)
at verification.POM1.login(POM1.java:22)
at verification.POM1.login(POM1.java:22)
at verification.POM1.login(POM1.java:22)
at verification.POM1.login(POM1.java:22)
at verification.POM1.login(POM1.java:22)
at verification.POM1.login(POM1.java:22)
at verification.POM1.login(POM1.java:22)
at verification.POM1.login(POM1.java:22)
at verification.POM1.login(POM1.java:22)
at verification.POM1.login(POM1.java:22)
at verification.POM1.login(POM1.java:22)
at verification.POM1.login(POM1.java:22)
at verification.POM1.login(POM1.java:22)
at verification.POM1.login(POM1.java:22)
at verification.POM1.login(POM1.java:22)
at verification.POM1.login(POM1.java:22)
at verification.POM1.login(POM1.java:22)
at verification.POM1.login(POM1.java:22)
at verification.POM1.login(POM1.java:22)
at verification.POM1.login(POM1.java:22)
at verification.POM1.login(POM1.java:22)
at verification.POM1.login(POM1.java:22)
at verification.POM1.login(POM1.java:22)
at verification.POM1.login(POM1.java:22)
at verification.POM1.login(POM1.java:22)
at verification.POM1.login(POM1.java:22)
at verification.POM1.login(POM1.java:22)
at verification.POM1.login(POM1.java:22)
at verification.POM1.login(POM1.java:22)
at verification.POM1.login(POM1.java:22)
at verification.POM1.login(POM1.java:22)
at verification.POM1.login(POM1.java:22)
at verification.POM1.login(POM1.java:22)
at verification.POM1.login(POM1.java:22)
at verification.POM1.login(POM1.java:22)
at verification.POM1.login(POM1.java:22)
at verification.POM1.login(POM1.java:22)
at verification.POM1.login(POM1.java:22)
at verification.POM1.login(POM1.java:22)
at verification.POM1.login(POM1.java:22)
at verification.POM1.login(POM1.java:22)
at verification.POM1.login(POM1.java:22)
at verification.POM1.login(POM1.java:22)
at verification.POM1.login(POM1.java:22)
at verification.POM1.login(POM1.java:22)
at verification.POM1.login(POM1.java:22)
at verification.POM1.login(POM1.java:22)
at verification.POM1.login(POM1.java:22)
at verification.POM1.login(POM1.java:22)
at verification.POM1.login(POM1.java:22)
at verification.POM1.login(POM1.java:22)
at verification.POM1.login(POM1.java:22)
at verification.POM1.login(POM1.java:22)
at verification.POM1.login(POM1.java:22)
at verification.POM1.login(POM1.java:22)
at verification.POM1.login(POM1.java:22)
at verification.POM1.login(POM1.java:22)
at verification.POM1.login(POM1.java:22)
at verification.POM1.login(POM1.java:22)
at verification.POM1.login(POM1.java:22)
at verification.POM1.login(POM1.java:22)
at verification.POM1.login(POM1.java:22)
at verification.POM1.login(POM1.java:22)
at verification.POM1.login(POM1.java:22)
at verification.POM1.login(POM1.java:22)
at verification.POM1.login(POM1.java:22)
at verification.POM1.login(POM1.java:22)
at verification.POM1.login(POM1.java:22)
at verification.POM1.login(POM1.java:22)
at verification.POM1.login(POM1.java:22)
at verification.POM1.login(POM1.java:22)
at verification.POM1.login(POM1.java:22)
at verification.POM1.login(POM1.java:22)
at verification.POM1.login(POM1.java:22)
at verification.POM1.login(POM1.java:22)
at verification.POM1.login(POM1.java:22)
at verification.POM1.login(POM1.java:22)
at verification.POM1.login(POM1.java:22)
at verification.POM1.login(POM1.java:22)
at verification.POM1.login(POM1.java:22)
at verification.POM1.login(POM1.java:22)
at verification.POM1.login(POM1.java:22)
at verification.POM1.login(POM1.java:22)
at verification.POM1.login(POM1.java:22)
at verification.POM1.login(POM1.java:22)
at verification.POM1.login(POM1.java:22)
at verification.POM1.login(POM1.java:22)
at verification.POM1.login(POM1.java:22)
at verification.POM1.login(POM1.java:22)
at verification.POM1.login(POM1.java:22)
at verification.POM1.login(POM1.java:22)
at verification.POM1.login(POM1.java:22)
at verification.POM1.login(POM1.java:22)
at verification.POM1.login(POM1.java:22)
at verification.POM1.login(POM1.java:22)
at verification.POM1.login(POM1.java:22)
at verification.POM1.login(POM1.java:22)
at verification.POM1.login(POM1.java:22)
at verification.POM1.login(POM1.java:22)
at verification.POM1.login(POM1.java:22)
at verification.POM1.login(POM1.java:22)
at verification.POM1.login(POM1.java:22)
at verification.POM1.login(POM1.java:22)
at verification.POM1.login(POM1.java:22)
at verification.POM1.login(POM1.java:22)
at verification.POM1.login(POM1.java:22)
at verification.POM1.login(POM1.java:22)
at verification.POM1.login(POM1.java:22)
at verification.POM1.login(POM1.java:22)
at verification.POM1.login(POM1.java:22)
at verification.POM1.login(POM1.java:22)
at verification.POM1.login(POM1.java:22)
at verification.POM1.login(POM1.java:22)
at verification.POM1.login(POM1.java:22)
at verification.POM1.login(POM1.java:22)
at verification.POM1.login(POM1.java:22)
at verification.POM1.login(POM1.java:22)
at verification.POM1.login(POM1.java:22)
at verification.POM1.login(POM1.java:22)
at verification.POM1.login(POM1.java:22)
at verification.POM1.login(POM1.java:22)
at verification.POM1.login(POM1.java:22)
at verification.POM1.login(POM1.java:22)
at verification.POM1.login(POM1.java:22)
at verification.POM1.login(POM1.java:22)
at verification.POM1.login(POM1.java:22)
at verification.POM1.login(POM1.java:22)
at verification.POM1.login(POM1.java:22)
at verification.POM1.login(POM1.java:22)
at verification.POM1.login(POM1.java:22)
at verification.POM1.login(POM1.java:22)
at verification.POM1.login(POM1.java:22)
at verification.POM1.login(POM1.java:22)
at verification.POM1.login(POM1.java:22)
at verification.POM1.login(POM1.java:22)
at verification.POM1.login(POM1.java:22)
at verification.POM1.login(POM1.java:22)
at verification.POM1.login(POM1.java:22)
at verification.POM1.login(POM1.java:22)
at verification.POM1.login(POM1.java:22)
at verification.POM1.login(POM1.java:22)
at verification.POM1.login(POM1.java:22)
at verification.POM1.login(POM1.java:22)
at verification.POM1.login(POM1.java:22)
at verification.POM1.login(POM1.java:22)
at verification.POM1.login(POM1.java:22)
at verification.POM1.login(POM1.java:22)
at verification.POM1.login(POM1.java:22)
at verification.POM1.login(POM1.java:22)
at verification.POM1.login(POM1.java:22)
at verification.POM1.login(POM1.java:22)
at verification.POM1.login(POM1.java:22)
at verification.POM1.login(POM1.java:22)
at verification.POM1.login(POM1.java:22)
at verification.POM1.login(POM1.java:22)
at verification.POM1.login(POM1.java:22)
at verification.POM1.login(POM1.java:22)
at verification.POM1.login(POM1.java:22)
at verification.POM1.login(POM1.java:22)
at verification.POM1.login(POM1.java:22)
at verification.POM1.login(POM1.java:22)
at verification.POM1.login(POM1.java:22)
at verification.POM1.login(POM1.java:22)
at verification.POM1.login(POM1.java:22)
at verification.POM1.login(POM1.java:22)
at verification.POM1.login(POM1.java:22)
at verification.POM1.login(POM1.java:22)
at verification.POM1.login(POM1.java:22)
at verification.POM1.login(POM1.java:22)
at verification.POM1.login(POM1.java:22)
at verification.POM1.login(POM1.java:22)
at verification.POM1.login(POM1.java:22)
at verification.POM1.login(POM1.java:22)
at verification.POM1.login(POM1.java:22)
at verification.POM1.login(POM1.java:22)
at verification.POM1.login(POM1.java:22)
at verification.POM1.login(POM1.java:22)
at verification.POM1.login(POM1.java:22)
at verification.POM1.login(POM1.java:22)
at verification.POM1.login(POM1.java:22)
at verification.POM1.login(POM1.java:22)
at verification.POM1.login(POM1.java:22)
at verification.POM1.login(POM1.java:22)
at verification.POM1.login(POM1.java:22)
at verification.POM1.login(POM1.java:22)
at verification.POM1.login(POM1.java:22)
at verification.POM1.login(POM1.java:22)
at verification.POM1.login(POM1.java:22)
at verification.POM1.login(POM1.java:22)
at verification.POM1.login(POM1.java:22)
at verification.POM1.login(POM1.java:22)
at verification.POM1.login(POM1.java:22)
at verification.POM1.login(POM1.java:22)
at verification.POM1.login(POM1.java:22)
at verification.POM1.login(POM1.java:22)
at verification.POM1.login(POM1.java:22)
at verification.POM1.login(POM1.java:22)
at verification.POM1.login(POM1.java:22)
at verification.POM1.login(POM1.java:22)
at verification.POM1.login(POM1.java:22)
at verification.POM1.login(POM1.java:22)
at verification.POM1.login(POM1.java:22)
at verification.POM1.login(POM1.java:22)
at verification.POM1.login(POM1.java:22)
at verification.POM1.login(POM1.java:22)
at verification.POM1.login(POM1.java:22)
at verification.POM1.login(POM1.java:22)
at verification.POM1.login(POM1.java:22)
at verification.POM1.login(POM1.java:22)
at verification.POM1.login(POM1.java:22)
at verification.POM1.login(POM1.java:22)
at verification.POM1.login(POM1.java:22)
at verification.POM1.login(POM1.java:22)
at verification.POM1.login(POM1.java:22)
at verification.POM1.login(POM1.java:22)
at verification.POM1.login(POM1.java:22)
at verification.POM1.login(POM1.java:22)
at verification.POM1.login(POM1.java:22)
at verification.POM1.login(POM1.java:22)
at verification.POM1.login(POM1.java:22)
at verification.POM1.login(POM1.java:22)
at verification.POM1.login(POM1.java:22)
at verification.POM1.login(POM1.java:22)
at verification.POM1.login(POM1.java:22)
at verification.POM1.login(POM1.java:22)
at verification.POM1.login(POM1.java:22)
at verification.POM1.login(POM1.java:22)
at verification.POM1.login(POM1.java:22)
at verification.POM1.login(POM1.java:22)
at verification.POM1.login(POM1.java:22)
at verification.POM1.login(POM1.java:22)
at verification.POM1.login(POM1.java:22)
at verification.POM1.login(POM1.java:22)
at verification.POM1.login(POM1.java:22)
at verification.POM1.login(POM1.java:22)
at verification.POM1.login(POM1.java:22)
at verification.POM1.login(POM1.java:22)
at verification.POM1.login(POM1.java:22)
at verification.POM1.login(POM1.java:22)
at verification.POM1.login(POM1.java:22)
at verification.POM1.login(POM1.java:22)
at verification.POM1.login(POM1.java:22)
at verification.POM1.login(POM1.java:22)
at verification.POM1.login(POM1.java:22)
at verification.POM1.login(POM1.java:22)
at verification.POM1.login(POM1.java:22)
at verification.POM1.login(POM1.java:22)
at verification.POM1.login(POM1.java:22)
at verification.POM1.login(POM1.java:22)
at verification.POM1.login(POM1.java:22)
at verification.POM1.login(POM1.java:22)
at verification.POM1.login(POM1.java:22)
at verification.POM1.login(POM1.java:22)
at verification.POM1.login(POM1.java:22)
at verification.POM1.login(POM1.java:22)
at verification.POM1.login(POM1.java:22)
at verification.POM1.login(POM1.java:22)
at verification.POM1.login(POM1.java:22)
at verification.POM1.login(POM1.java:22)
at verification.POM1.login(POM1.java:22)
at verification.POM1.login(POM1.java:22)
at verification.POM1.login(POM1.java:22)
at verification.POM1.login(POM1.java:22)
at verification.POM1.login(POM1.java:22)
at verification.POM1.login(POM1.java:22)
at verification.POM1.login(POM1.java:22)
at verification.POM1.login(POM1.java:22)
at verification.POM1.login(POM1.java:22)
at verification.POM1.login(POM1.java:22)
at verification.POM1.login(POM1.java:22)
at verification.POM1.login(POM1.java:22)
at verification.POM1.login(POM1.java:22)
at verification.POM1.login(POM1.java:22)
at verification.POM1.login(POM1.java:22)
at verification.POM1.login(POM1.java:22)
at verification.POM1.login(POM1.java:22)
at verification.POM1.login(POM1.java:22)
at verification.POM1.login(POM1.java:22)
at verification.POM1.login(POM1.java:22)
at verification.POM1.login(POM1.java:22)
at verification.POM1.login(POM1.java:22)
at verification.POM1.login(POM1.java:22)
at verification.POM1.login(POM1.java:22)
at verification.POM1.login(POM1.java:22)
at verification.POM1.login(POM1.java:22)
at verification.POM1.login(POM1.java:22)
at verification.POM1.login(POM1.java:22)
at verification.POM1.login(POM1.java:22)
at verification.POM1.login(POM1.java:22)
at verification.POM1.login(POM1.java:22)
at verification.POM1.login(POM1.java:22)
at verification.POM1.login(POM1.java:22)
at verification.POM1.login(POM1.java:22)
at verification.POM1.login(POM1.java:22)
at verification.POM1.login(POM1.java:22)
at verification.POM1.login(POM1.java:22)
at verification.POM1.login(POM1.java:22)
at verification.POM1.login(POM1.java:22)
at verification.POM1.login(POM1.java:22)
at verification.POM1.login(POM1.java:22)
at verification.POM1.login(POM1.java:22)
at verification.POM1.login(POM1.java:22)
at verification.POM1.login(POM1.java:22)
at verification.POM1.login(POM1.java:22)
at verification.POM1.login(POM1.java:22)
at verification.POM1.login(POM1.java:22)
at verification.POM1.login(POM1.java:22)
at verification.POM1.login(POM1.java:22)
at verification.POM1.login(POM1.java:22)
at verification.POM1.login(POM1.java:22)
at verification.POM1.login(POM1.java:22)
at verification.POM1.login(POM1.java:22)
at verification.POM1.login(POM1.java:22)
at verification.POM1.login(POM1.java:22)
at verification.POM1.login(POM1.java:22)
at verification.POM1.login(POM1.java:22)
at verification.POM1.login(POM1.java:22)
at verification.POM1.login(POM1.java:22)
at verification.POM1.login(POM1.java:22)
at verification.POM1.login(POM1.java:22)
at verification.POM1.login(POM1.java:22)
at verification.POM1.login(POM1.java:22)
at verification.POM1.login(POM1.java:22)
at verification.POM1.login(POM1.java:22)
at verification.POM1.login(POM1.java:22)
at verification.POM1.login(POM1.java:22)
at verification.POM1.login(POM1.java:22)
at verification.POM1.login(POM1.java:22)
at verification.POM1.login(POM1.java:22)
at verification.POM1.login(POM1.java:22)
at verification.POM1.login(POM1.java:22)
at verification.POM1.login(POM1.java:22)
at verification.POM1.login(POM1.java:22)
at verification.POM1.login(POM1.java:22)
at verification.POM1.login(POM1.java:22)
at verification.POM1.login(POM1.java:22)
at verification.POM1.login(POM1.java:22)
at verification.POM1.login(POM1.java:22)
at verification.POM1.login(POM1.java:22)
at verification.POM1.login(POM1.java:22)
at verification.POM1.login(POM1.java:22)
at verification.POM1.login(POM1.java:22)
at verification.POM1.login(POM1.java:22)
at verification.POM1.login(POM1.java:22)
at verification.POM1.login(POM1.java:22)
at verification.POM1.login(POM1.java:22)
at verification.POM1.login(POM1.java:22)
at verification.POM1.login(POM1.java:22)
at verification.POM1.login(POM1.java:22)
at verification.POM1.login(POM1.java:22)
at verification.POM1.login(POM1.java:22)
at verification.POM1.login(POM1.java:22)
at verification.POM1.login(POM1.java:22)
at verification.POM1.login(POM1.java:22)
at verification.POM1.login(POM1.java:22)
at verification.POM1.login(POM1.java:22)
at verification.POM1.login(POM1.java:22)
at verification.POM1.login(POM1.java:22)
at verification.POM1.login(POM1.java:22)
at verification.POM1.login(POM1.java:22)
at verification.POM1.login(POM1.java:22)
at verification.POM1.login(POM1.java:22)
at verification.POM1.login(POM1.java:22)
at verification.POM1.login(POM1.java:22)
at verification.POM1.login(POM1.java:22)
at verification.POM1.login(POM1.java:22)
at verification.POM1.login(POM1.java:22)
at verification.POM1.login(POM1.java:22)
at verification.POM1.login(POM1.java:22)
at verification.POM1.login(POM1.java:22)
at verification.POM1.login(POM1.java:22)
at verification.POM1.login(POM1.java:22)
at verification.POM1.login(POM1.java:22)
at verification.POM1.login(POM1.java:22)
at verification.POM1.login(POM1.java:22)
at verification.POM1.login(POM1.java:22)
at verification.POM1.login(POM1.java:22)
at verification.POM1.login(POM1.java:22)
at verification.POM1.login(POM1.java:22)
at verification.POM1.login(POM1.java:22)
at verification.POM1.login(POM1.java:22)
at verification.POM1.login(POM1.java:22)
at verification.POM1.login(POM1.java:22)
at verification.POM1.login(POM1.java:22)
at verification.POM1.login(POM1.java:22)
at verification.POM1.login(POM1.java:22)
at verification.POM1.login(POM1.java:22)
at verification.POM1.login(POM1.java:22)
at verification.POM1.login(POM1.java:22)
at verification.POM1.login(POM1.java:22)
at verification.POM1.login(POM1.java:22)
at verification.POM1.login(POM1.java:22)
at verification.POM1.login(POM1.java:22)
at verification.POM1.login(POM1.java:22)
at verification.POM1.login(POM1.java:22)
at verification.POM1.login(POM1.java:22)
at verification.POM1.login(POM1.java:22)
at verification.POM1.login(POM1.java:22)
at verification.POM1.login(POM1.java:22)
at verification.POM1.login(POM1.java:22)
at verification.POM1.login(POM1.java:22)
at verification.POM1.login(POM1.java:22)
at verification.POM1.login(POM1.java:22)
at verification.POM1.login(POM1.java:22)
at verification.POM1.login(POM1.java:22)
at verification.POM1.login(POM1.java:22)
at verification.POM1.login(POM1.java:22)
at verification.POM1.login(POM1.java:22)
at verification.POM1.login(POM1.java:22)
at verification.POM1.login(POM1.java:22)
at verification.POM1.login(POM1.java:22)
at verification.POM1.login(POM1.java:22)
at verification.POM1.login(POM1.java:22)
at verification.POM1.login(POM1.java:22)
at verification.POM1.login(POM1.java:22)
at verification.POM1.login(POM1.java:22)
at verification.POM1.login(POM1.java:22)
at verification.POM1.login(POM1.java:22)
at verification.POM1.login(POM1.java:22)
at verification.POM1.login(POM1.java:22)
at verification.POM1.login(POM1.java:22)
at verification.POM1.login(POM1.java:22)
at verification.POM1.login(POM1.java:22)
at verification.POM1.login(POM1.java:22)
at verification.POM1.login(POM1.java:22)
at verification.POM1.login(POM1.java:22)
at verification.POM1.login(POM1.java:22)
at verification.POM1.login(POM1.java:22)
at verification.POM1.login(POM1.java:22)
at verification.POM1.login(POM1.java:22)
at verification.POM1.login(POM1.java:22)
at verification.POM1.login(POM1.java:22)
at verification.POM1.login(POM1.java:22)
at verification.POM1.login(POM1.java:22)
at verification.POM1.login(POM1.java:22)
at verification.POM1.login(POM1.java:22)
at verification.POM1.login(POM1.java:22)
at verification.POM1.login(POM1.java:22)
at verification.POM1.login(POM1.java:22)
at verification.POM1.login(POM1.java:22)
at verification.POM1.login(POM1.java:22)
at verification.POM1.login(POM1.java:22)
at verification.POM1.login(POM1.java:22)
at verification.POM1.login(POM1.java:22)
at verification.POM1.login(POM1.java:22)
at verification.POM1.login(POM1.java:22)
at verification.POM1.login(POM1.java:22)
at verification.POM1.login(POM1.java:22)
at verification.POM1.login(POM1.java:22)
at verification.POM1.login(POM1.java:22)
at verification.POM1.login(POM1.java:22)
at verification.POM1.login(POM1.java:22)
at verification.POM1.login(POM1.java:22)
at verification.POM1.login(POM1.java:22)
at verification.POM1.login(POM1.java:22)
at verification.POM1.login(POM1.java:22)
at verification.POM1.login(POM1.java:22)
at verification.POM1.login(POM1.java:22)
at verification.POM1.login(POM1.java:22)
at verification.POM1.login(POM1.java:22)
at verification.POM1.login(POM1.java:22)
at verification.POM1.login(POM1.java:22)
at verification.POM1.login(POM1.java:22)
at verification.POM1.login(POM1.java:22)
at verification.POM1.login(POM1.java:22)
at verification.POM1.login(POM1.java:22)
at verification.POM1.login(POM1.java:22)
at verification.POM1.login(POM1.java:22)
at verification.POM1.login(POM1.java:22)
at verification.POM1.login(POM1.java:22)
at verification.POM1.login(POM1.java:22)
at verification.POM1.login(POM1.java:22)
at verification.POM1.login(POM1.java:22)
at verification.POM1.login(POM1.java:22)
at verification.POM1.login(POM1.java:22)
at verification.POM1.login(POM1.java:22)
at verification.POM1.login(POM1.java:22)
at verification.POM1.login(POM1.java:22)
at verification.POM1.login(POM1.java:22)
at verification.POM1.login(POM1.java:22)
at verification.POM1.login(POM1.java:22)
at verification.POM1.login(POM1.java:22)
at verification.POM1.login(POM1.java:22)
at verification.POM1.login(POM1.java:22)
at verification.POM1.login(POM1.java:22)
at verification.POM1.login(POM1.java:22)
at verification.POM1.login(POM1.java:22)
at verification.POM1.login(POM1.java:22)
at verification.POM1.login(POM1.java:22)
at verification.POM1.login(POM1.java:22)
at verification.POM1.login(POM1.java:22)
at verification.POM1.login(POM1.java:22)
at verification.POM1.login(POM1.java:22)
at verification.POM1.login(POM1.java:22)
at verification.POM1.login(POM1.java:22)
at verification.POM1.login(POM1.java:22)
at verification.POM1.login(POM1.java:22)
at verification.POM1.login(POM1.java:22)
at verification.POM1.login(POM1.java:22)
at verification.POM1.login(POM1.java:22)
at verification.POM1.login(POM1.java:22)
at verification.POM1.login(POM1.java:22)
at verification.POM1.login(POM1.java:22)
at verification.POM1.login(POM1.java:22)
at verification.POM1.login(POM1.java:22)
at verification.POM1.login(POM1.java:22)
at verification.POM1.login(POM1.java:22)
at verification.POM1.login(POM1.java:22)
at verification.POM1.login(POM1.java:22)
at verification.POM1.login(POM1.java:22)
at verification.POM1.login(POM1.java:22)
at verification.POM1.login(POM1.java:22)
at verification.POM1.login(POM1.java:22)
at verification.POM1.login(POM1.java:22)
at verification.POM1.login(POM1.java:22)
at verification.POM1.login(POM1.java:22)
at verification.POM1.login(POM1.java:22)
at verification.POM1.login(POM1.java:22)
at verification.POM1.login(POM1.java:22)
at verification.POM1.login(POM1.java:22)
at verification.POM1.login(POM1.java:22)
at verification.POM1.login(POM1.java:22)
at verification.POM1.login(POM1.java:22)
at verification.POM1.login(POM1.java:22)
at verification.POM1.login(POM1.java:22)
at verification.POM1.login(POM1.java:22)
at verification.POM1.login(POM1.java:22)
at verification.POM1.login(POM1.java:22)
at verification.POM1.login(POM1.java:22)
at verification.POM1.login(POM1.java:22)
at verification.POM1.login(POM1.java:22)
at verification.POM1.login(POM1.java:22)
at verification.POM1.login(POM1.java:22)
at verification.POM1.login(POM1.java:22)
at verification.POM1.login(POM1.java:22)
at verification.POM1.login(POM1.java:22)
at verification.POM1.login(POM1.java:22)
at verification.POM1.login(POM1.java:22)
at verification.POM1.login(POM1.java:22)
at verification.POM1.login(POM1.java:22)
at verification.POM1.login(POM1.java:22)
at verification.POM1.login(POM1.java:22)
at verification.POM1.login(POM1.java:22)
at verification.POM1.login(POM1.java:22)
at verification.POM1.login(POM1.java:22)
at verification.POM1.login(POM1.java:22)
at verification.POM1.login(POM1.java:22)
at verification.POM1.login(POM1.java:22)
at verification.POM1.login(POM1.java:22)
at verification.POM1.login(POM1.java:22)
at verification.POM1.login(POM1.java:22)
at verification.POM1.login(POM1.java:22)
at verification.POM1.login(POM1.java:22)
at verification.POM1.login(POM1.java:22)
at verification.POM1.login(POM1.java:22)
at verification.POM1.login(POM1.java:22)
at verification.POM1.login(POM1.java:22)
at verification.POM1.login(POM1.java:22)
at verification.POM1.login(POM1.java:22)
at verification.POM1.login(POM1.java:22)
at verification.POM1.login(POM1.java:22)
at verification.POM1.login(POM1.java:22)
at verification.POM1.login(POM1.java:22)
at verification.POM1.login(POM1.java:22)
at verification.POM1.login(POM1.java:22)
at verification.POM1.login(POM1.java:22)
at verification.POM1.login(POM1.java:22)
at verification.POM1.login(POM1.java:22)
at verification.POM1.login(POM1.java:22)
at verification.POM1.login(POM1.java:22)
at verification.POM1.login(POM1.java:22)
at verification.POM1.login(POM1.java:22)
at verification.POM1.login(POM1.java:22)
at verification.POM1.login(POM1.java:22)
at verification.POM1.login(POM1.java:22)
at verification.POM1.login(POM1.java:22)
at verification.POM1.login(POM1.java:22)
at verification.POM1.login(POM1.java:22)
at verification.POM1.login(POM1.java:22)
at verification.POM1.login(POM1.java:22)
at verification.POM1.login(POM1.java:22)
at verification.POM1.login(POM1.java:22)
at verification.POM1.login(POM1.java:22)
at verification.POM1.login(POM1.java:22)
at verification.POM1.login(POM1.java:22)
at verification.POM1.login(POM1.java:22)
at verification.POM1.login(POM1.java:22)
at verification.POM1.login(POM1.java:22)
at verification.POM1.login(POM1.java:22)
at verification.POM1.login(POM1.java:22)
at verification.POM1.login(POM1.java:22)
at verification.POM1.login(POM1.java:22)
at verification.POM1.login(POM1.java:22)
at verification.POM1.login(POM1.java:22)
at verification.POM1.login(POM1.java:22)
at verification.POM1.login(POM1.java:22)
at verification.POM1.login(POM1.java:22)
at verification.POM1.login(POM1.java:22)
at verification.POM1.login(POM1.java:22)
at verification.POM1.login(POM1.java:22)
at verification.POM1.login(POM1.java:22)
at verification.POM1.login(POM1.java:22)
at verification.POM1.login(POM1.java:22)
at verification.POM1.login(POM1.java:22)
at verification.POM1.login(POM1.java:22)
at verification.POM1.login(POM1.java:22)
at verification.POM1.login(POM1.java:22)
at verification.POM1.login(POM1.java:22)
at verification.POM1.login(POM1.java:22)
at verification.POM1.login(POM1.java:22)
at verification.POM1.login(POM1.java:22)
at verification.POM1.login(POM1.java:22)
at verification.POM1.login(POM1.java:22)
at verification.POM1.login(POM1.java:22)
at verification.POM1.login(POM1.java:22)
at verification.POM1.login(POM1.java:22)
at verification.POM1.login(POM1.java:22)
at verification.POM1.login(POM1.java:22)
at verification.POM1.login(POM1.java:22)
at verification.POM1.login(POM1.java:22)
at verification.POM1.login(POM1.java:22)
at verification.POM1.login(POM1.java:22)
at verification.POM1.login(POM1.java:22)
at verification.POM1.login(POM1.java:22)
at verification.POM1.login(POM1.java:22)
at verification.POM1.login(POM1.java:22)
at verification.POM1.login(POM1.java:22)
at verification.POM1.login(POM1.java:22)
at verification.POM1.login(POM1.java:22)
at verification.POM1.login(POM1.java:22)
at verification.POM1.login(POM1.java:22)
at verification.POM1.login(POM1.java:22)
at verification.POM1.login(POM1.java:22)
at verification.POM1.login(POM1.java:22)
at verification.POM1.login(POM1.java:22)
at verification.POM1.login(POM1.java:22)
at verification.POM1.login(POM1.java:22)
at verification.POM1.login(POM1.java:22)
at verification.POM1.login(POM1.java:22)
at verification.POM1.login(POM1.java:22)
]]>
    </error>
  </testcase> <!-- test -->
  <system-out/>
</testsuite> <!-- verification.RunnerPOM1 -->
