<?xml version="1.0" encoding="UTF-8"?>
<!-- Generated by org.testng.reporters.JUnitReportReporter -->
<testsuite hostname="DESKTOP-19VJ40N" failures="0" tests="3" name="framework.SkipLine" time="0.017" errors="0" timestamp="2024-06-24T12:46:49 IST" skipped="1">
  <testcase classname="framework.SkipLine" name="C" time="0.002"/>
  <system-out>
    <![CDATA[Signup]]>
  </system-out>
  <testcase classname="framework.SkipLine" name="B" time="0.015"/>
  <system-out>
    <![CDATA[Like a page]]>
  </system-out>
  <testcase classname="framework.SkipLine" name="A">
    <skipped/>
  </testcase> <!-- A -->
  <system-out/>
</testsuite> <!-- framework.SkipLine -->
