<?xml version="1.0" encoding="UTF-8"?>
<!-- Generated by org.testng.reporters.JUnitReportReporter -->
<testsuite hostname="DESKTOP-19VJ40N" failures="0" tests="3" name="framework.User" time="0.024" errors="0" timestamp="2024-06-24T12:29:51 IST" skipped="0">
  <testcase classname="framework.User" name="C" time="0.013"/>
  <system-out>
    <![CDATA[Signup]]>
  </system-out>
  <testcase classname="framework.User" name="A" time="0.005"/>
  <system-out>
    <![CDATA[Login]]>
  </system-out>
  <testcase classname="framework.User" name="B" time="0.006"/>
  <system-out>
    <![CDATA[Like a page]]>
  </system-out>
</testsuite> <!-- framework.User -->
