<?xml version="1.0" encoding="UTF-8"?>
<!-- Generated by org.testng.reporters.JUnitReportReporter -->
<testsuite hostname="DESKTOP-19VJ40N" failures="0" tests="3" name="framework2.Sample1" time="0.017" errors="0" timestamp="2024-06-25T11:19:06 IST" skipped="0">
  <testcase classname="framework2.Sample1" name="C" time="0.002"/>
  <system-out>
    <![CDATA[Like a page]]>
  </system-out>
  <testcase classname="framework2.Sample1" name="A" time="0.013"/>
  <system-out>
    <![CDATA[Signup]]>
  </system-out>
  <testcase classname="framework2.Sample1" name="B" time="0.002"/>
  <system-out>
    <![CDATA[Login]]>
  </system-out>
</testsuite> <!-- framework2.Sample1 -->
