<?xml version="1.0" encoding="UTF-8"?>
<!-- Generated by org.testng.reporters.JUnitReportReporter -->
<testsuite hostname="DESKTOP-19VJ40N" failures="0" tests="3" name="framework1.Sample3" time="0.006" errors="0" timestamp="2024-06-25T11:19:06 IST" skipped="0">
  <testcase classname="framework1.Sample3" name="i" time="0.002"/>
  <system-out>
    <![CDATA[save the page]]>
  </system-out>
  <testcase classname="framework1.Sample3" name="g" time="0.001"/>
  <system-out>
    <![CDATA[like]]>
  </system-out>
  <testcase classname="framework1.Sample3" name="h" time="0.003"/>
  <system-out>
    <![CDATA[Sub ]]>
  </system-out>
</testsuite> <!-- framework1.Sample3 -->
