<?xml version="1.0" encoding="UTF-8"?>
<!-- Generated by org.testng.reporters.JUnitReportReporter -->
<testsuite hostname="DESKTOP-19VJ40N" failures="0" tests="10" name="framework.SamelineMultiple" time="0.063" errors="0" timestamp="2024-06-24T12:37:59 IST" skipped="0">
  <testcase classname="framework.SamelineMultiple" name="C" time="0.022"/>
  <system-out>
    <![CDATA[Signup]]>
  </system-out>
  <testcase classname="framework.SamelineMultiple" name="B" time="0.005"/>
  <system-out>
    <![CDATA[Like a page]]>
  </system-out>
  <testcase classname="framework.SamelineMultiple" name="C" time="0.005"/>
  <system-out>
    <![CDATA[Signup]]>
  </system-out>
  <testcase classname="framework.SamelineMultiple" name="C" time="0.003"/>
  <system-out>
    <![CDATA[Signup]]>
  </system-out>
  <testcase classname="framework.SamelineMultiple" name="A" time="0.014"/>
  <system-out>
    <![CDATA[Login]]>
  </system-out>
  <testcase classname="framework.SamelineMultiple" name="B" time="0.003"/>
  <system-out>
    <![CDATA[Like a page]]>
  </system-out>
  <testcase classname="framework.SamelineMultiple" name="C" time="0.004"/>
  <system-out>
    <![CDATA[Signup]]>
  </system-out>
  <testcase classname="framework.SamelineMultiple" name="C" time="0.003"/>
  <system-out>
    <![CDATA[Signup]]>
  </system-out>
  <testcase classname="framework.SamelineMultiple" name="B" time="0.002"/>
  <system-out>
    <![CDATA[Like a page]]>
  </system-out>
  <testcase classname="framework.SamelineMultiple" name="A" time="0.002"/>
  <system-out>
    <![CDATA[Login]]>
  </system-out>
</testsuite> <!-- framework.SamelineMultiple -->
