<?xml version="1.0" encoding="UTF-8"?>
<!-- Generated by org.testng.reporters.JUnitReportReporter -->
<testsuite hostname="DESKTOP-19VJ40N" failures="0" tests="3" name="framework.Sample2" time="0.006" errors="0" timestamp="2024-06-25T11:02:02 IST" skipped="0">
  <testcase classname="framework.Sample2" name="D" time="0.002"/>
  <system-out>
    <![CDATA[Comment]]>
  </system-out>
  <testcase classname="framework.Sample2" name="E" time="0.002"/>
  <system-out>
    <![CDATA[Share]]>
  </system-out>
  <testcase classname="framework.Sample2" name="F" time="0.002"/>
  <system-out>
    <![CDATA[Message]]>
  </system-out>
</testsuite> <!-- framework.Sample2 -->
