<?xml version="1.0" encoding="UTF-8"?>
<!-- Generated by org.testng.reporters.JUnitReportReporter -->
<testsuite hostname="DESKTOP-19VJ40N" failures="0" tests="2" name="verification.Runner" time="0.025" errors="0" timestamp="2024-06-28T10:28:48 IST" skipped="0">
  <testcase classname="verification.Runner" name="run" time="0.012"/>
  <system-out/>
  <testcase classname="verification.Runner" name="test1" time="0.013"/>
  <system-out/>
</testsuite> <!-- verification.Runner -->
