<?xml version="1.0" encoding="UTF-8"?>
<!-- Generated by org.testng.reporters.JUnitReportReporter -->
<testsuite hostname="DESKTOP-19VJ40N" failures="0" tests="1" name="framework.Demo" time="0.013" errors="0" timestamp="2024-06-21T11:01:37 IST" skipped="0">
  <testcase classname="framework.Demo" name="test2" time="0.013"/>
  <system-out>
    <![CDATA[this is you]]>
  </system-out>
</testsuite> <!-- framework.Demo -->
