<?xml version="1.0" encoding="UTF-8"?>
<!-- Generated by org.testng.reporters.JUnitReportReporter -->
<testsuite hostname="DESKTOP-19VJ40N" failures="0" tests="2" name="verification.OrangeDemo" time="27.403" errors="0" timestamp="2024-06-25T16:20:52 IST" skipped="0">
  <testcase classname="verification.OrangeDemo" name="test" time="25.362"/>
  <system-out/>
  <testcase classname="verification.OrangeDemo" name="test1" time="2.041"/>
  <system-out/>
</testsuite> <!-- verification.OrangeDemo -->
